STEP 1/7: FROM python:alpine
STEP 2/7: WORKDIR /app
--> Using cache bfe54d38892acefb79798c31f063c8f63094a1229270bd25063834af70b2873d
--> bfe54d38892
STEP 3/7: COPY . /app/
--> 39a5b5fc086
STEP 4/7: RUN pip install --upgrade pip
Requirement already satisfied: pip in /usr/local/lib/python3.11/site-packages (23.2.1)
--> f4c51f9e1fe
STEP 5/7: RUN apk add --no-cache --virtual build-deps python3-dev mariadb-dev musl-dev gcc libc-dev make     && pip install --no-cache-dir -r requirements.txt
fetch https://dl-cdn.alpinelinux.org/alpine/v3.18/main/x86_64/APKINDEX.tar.gz
fetch https://dl-cdn.alpinelinux.org/alpine/v3.18/community/x86_64/APKINDEX.tar.gz
(1/33) Installing pkgconf (1.9.5-r0)
(2/33) Installing libgcc (12.2.1_git20220924-r10)
(3/33) Installing libstdc++ (12.2.1_git20220924-r10)
(4/33) Installing mpdecimal (2.5.1-r2)
(5/33) Installing python3 (3.11.5-r0)
(6/33) Installing python3-pycache-pyc0 (3.11.5-r0)
(7/33) Installing pyc (0.1-r0)
(8/33) Installing python3-pyc (3.11.5-r0)
(9/33) Installing python3-dev (3.11.5-r0)
(10/33) Installing fmt (9.1.0-r1)
(11/33) Installing fmt-dev (9.1.0-r1)
(12/33) Installing openssl-dev (3.1.2-r0)
(13/33) Installing zlib-dev (1.2.13-r1)
(14/33) Installing mariadb-connector-c (3.3.5-r0)
(15/33) Installing mariadb-connector-c-dev (3.3.5-r0)
(16/33) Installing mariadb-common (10.11.5-r0)
(17/33) Installing libaio (0.3.113-r1)
(18/33) Installing pcre2 (10.42-r1)
(19/33) Installing mariadb-embedded (10.11.5-r0)
(20/33) Installing mariadb-dev (10.11.5-r0)
(21/33) Installing musl-dev (1.2.4-r1)
(22/33) Installing zstd-libs (1.5.5-r4)
(23/33) Installing binutils (2.40-r7)
(24/33) Installing libgomp (12.2.1_git20220924-r10)
(25/33) Installing libatomic (12.2.1_git20220924-r10)
(26/33) Installing gmp (6.2.1-r3)
(27/33) Installing isl26 (0.26-r1)
(28/33) Installing mpfr4 (4.2.0_p12-r0)
(29/33) Installing mpc1 (1.3.1-r1)
(30/33) Installing gcc (12.2.1_git20220924-r10)
(31/33) Installing libc-dev (0.7.2-r5)
(32/33) Installing make (4.4.1-r1)
(33/33) Installing build-deps (20230908.183459)
Executing busybox-1.36.1-r2.trigger
OK: 295 MiB in 71 packages
Collecting flask (from -r requirements.txt (line 1))
  Obtaining dependency information for flask from https://files.pythonhosted.org/packages/fd/56/26f0be8adc2b4257df20c1c4260ddd0aa396cf8e75d90ab2f7ff99bc34f9/flask-2.3.3-py3-none-any.whl.metadata
  Downloading flask-2.3.3-py3-none-any.whl.metadata (3.6 kB)
Collecting flask_restful (from -r requirements.txt (line 2))
  Obtaining dependency information for flask_restful from https://files.pythonhosted.org/packages/d7/7b/f0b45f0df7d2978e5ae51804bb5939b7897b2ace24306009da0cc34d8d1f/Flask_RESTful-0.3.10-py2.py3-none-any.whl.metadata
  Downloading Flask_RESTful-0.3.10-py2.py3-none-any.whl.metadata (1.0 kB)
Collecting M2Crypto (from -r requirements.txt (line 3))
  Downloading M2Crypto-0.39.0.tar.gz (1.2 MB)
     ━━━━━━━━━━━━━━━━━━━━━━━━━━━━━━━━━━━━━━━━ 1.2/1.2 MB 56.6 MB/s eta 0:00:00
  Preparing metadata (setup.py): started
  Preparing metadata (setup.py): finished with status 'done'
Collecting adb (from -r requirements.txt (line 4))
  Downloading adb-1.3.0.tar.gz (27 kB)
  Preparing metadata (setup.py): started
  Preparing metadata (setup.py): finished with status 'done'
Collecting Werkzeug>=2.3.7 (from flask->-r requirements.txt (line 1))
  Obtaining dependency information for Werkzeug>=2.3.7 from https://files.pythonhosted.org/packages/9b/59/a7c32e3d8d0e546a206e0552a2c04444544f15c1da4a01df8938d20c6ffc/werkzeug-2.3.7-py3-none-any.whl.metadata
  Downloading werkzeug-2.3.7-py3-none-any.whl.metadata (4.1 kB)
Collecting Jinja2>=3.1.2 (from flask->-r requirements.txt (line 1))
  Downloading Jinja2-3.1.2-py3-none-any.whl (133 kB)
     ━━━━━━━━━━━━━━━━━━━━━━━━━━━━━━━━━━━━━ 133.1/133.1 kB 269.0 MB/s eta 0:00:00
Collecting itsdangerous>=2.1.2 (from flask->-r requirements.txt (line 1))
  Downloading itsdangerous-2.1.2-py3-none-any.whl (15 kB)
Collecting click>=8.1.3 (from flask->-r requirements.txt (line 1))
  Obtaining dependency information for click>=8.1.3 from https://files.pythonhosted.org/packages/00/2e/d53fa4befbf2cfa713304affc7ca780ce4fc1fd8710527771b58311a3229/click-8.1.7-py3-none-any.whl.metadata
  Downloading click-8.1.7-py3-none-any.whl.metadata (3.0 kB)
Collecting blinker>=1.6.2 (from flask->-r requirements.txt (line 1))
  Downloading blinker-1.6.2-py3-none-any.whl (13 kB)
Collecting aniso8601>=0.82 (from flask_restful->-r requirements.txt (line 2))
  Downloading aniso8601-9.0.1-py2.py3-none-any.whl (52 kB)
     ━━━━━━━━━━━━━━━━━━━━━━━━━━━━━━━━━━━━━━━ 52.8/52.8 kB 216.5 MB/s eta 0:00:00
Collecting six>=1.3.0 (from flask_restful->-r requirements.txt (line 2))
  Downloading six-1.16.0-py2.py3-none-any.whl (11 kB)
Collecting pytz (from flask_restful->-r requirements.txt (line 2))
  Obtaining dependency information for pytz from https://files.pythonhosted.org/packages/32/4d/aaf7eff5deb402fd9a24a1449a8119f00d74ae9c2efa79f8ef9994261fc2/pytz-2023.3.post1-py2.py3-none-any.whl.metadata
  Downloading pytz-2023.3.post1-py2.py3-none-any.whl.metadata (22 kB)
Collecting libusb1>=1.0.16 (from adb->-r requirements.txt (line 4))
  Downloading libusb1-3.0.0-py3-none-any.whl (62 kB)
     ━━━━━━━━━━━━━━━━━━━━━━━━━━━━━━━━━━━━━━━ 62.1/62.1 kB 195.7 MB/s eta 0:00:00
Collecting M2Crypto (from -r requirements.txt (line 3))
  Downloading M2Crypto-0.26.4.tar.gz (1.1 MB)
     ━━━━━━━━━━━━━━━━━━━━━━━━━━━━━━━━━━━━━━━━ 1.1/1.1 MB 174.8 MB/s eta 0:00:00
  Preparing metadata (setup.py): started
  Preparing metadata (setup.py): finished with status 'done'
Collecting typing (from M2Crypto->-r requirements.txt (line 3))
  Downloading typing-3.7.4.3.tar.gz (78 kB)
     ━━━━━━━━━━━━━━━━━━━━━━━━━━━━━━━━━━━━━━━ 78.6/78.6 kB 269.1 MB/s eta 0:00:00
  Preparing metadata (setup.py): started
  Preparing metadata (setup.py): finished with status 'done'
Collecting MarkupSafe>=2.0 (from Jinja2>=3.1.2->flask->-r requirements.txt (line 1))
  Obtaining dependency information for MarkupSafe>=2.0 from https://files.pythonhosted.org/packages/bb/82/f88ccb3ca6204a4536cf7af5abdad7c3657adac06ab33699aa67279e0744/MarkupSafe-2.1.3-cp311-cp311-musllinux_1_1_x86_64.whl.metadata
  Downloading MarkupSafe-2.1.3-cp311-cp311-musllinux_1_1_x86_64.whl.metadata (3.0 kB)
Downloading flask-2.3.3-py3-none-any.whl (96 kB)
   ━━━━━━━━━━━━━━━━━━━━━━━━━━━━━━━━━━━━━━━━ 96.1/96.1 kB 272.7 MB/s eta 0:00:00
Downloading Flask_RESTful-0.3.10-py2.py3-none-any.whl (26 kB)
Downloading click-8.1.7-py3-none-any.whl (97 kB)
   ━━━━━━━━━━━━━━━━━━━━━━━━━━━━━━━━━━━━━━━━ 97.9/97.9 kB 259.1 MB/s eta 0:00:00
Downloading werkzeug-2.3.7-py3-none-any.whl (242 kB)
   ━━━━━━━━━━━━━━━━━━━━━━━━━━━━━━━━━━━━━━━ 242.2/242.2 kB 263.1 MB/s eta 0:00:00
Downloading pytz-2023.3.post1-py2.py3-none-any.whl (502 kB)
   ━━━━━━━━━━━━━━━━━━━━━━━━━━━━━━━━━━━━━━━ 502.5/502.5 kB 243.6 MB/s eta 0:00:00
Downloading MarkupSafe-2.1.3-cp311-cp311-musllinux_1_1_x86_64.whl (33 kB)
Building wheels for collected packages: adb, M2Crypto, typing
  Building wheel for adb (setup.py): started
  Building wheel for adb (setup.py): finished with status 'done'
  Created wheel for adb: filename=adb-1.3.0-py3-none-any.whl size=34927 sha256=2d4ff0eb39b83e5af05f1a6789b874f0c05d0d9e710f59304305a87853e730cc
  Stored in directory: /tmp/pip-ephem-wheel-cache-9aobniys/wheels/41/83/a1/cc57a9dbaca77b71db09d4f751ff29395c2dccac3d8f2eb4a1
  Building wheel for M2Crypto (setup.py): started
  Building wheel for M2Crypto (setup.py): finished with status 'error'
  Running setup.py clean for M2Crypto
  Building wheel for typing (setup.py): started
  Building wheel for typing (setup.py): finished with status 'done'
  Created wheel for typing: filename=typing-3.7.4.3-py3-none-any.whl size=26305 sha256=6f8cce6a9c34c9991488162859441517b689ae346dafe927ce8cf50aadd00b21
  Stored in directory: /tmp/pip-ephem-wheel-cache-9aobniys/wheels/9d/67/2f/53e3ef32ec48d11d7d60245255e2d71e908201d20c880c08ee
Successfully built adb typing
Failed to build M2Crypto
